<?xml version="1.0" encoding="UTF-8"?>
<!-- Generated by org.testng.reporters.JUnitReportReporter -->
<testsuite hostname="QT-INBG-LT1853" failures="0" tests="3" name="Kriti.QTAutomationBatch.ParameterizationDemo" time="0.016" errors="0" timestamp="2022-07-28T10:55:04 IST" skipped="0">
  <testcase classname="Kriti.QTAutomationBatch.ParameterizationDemo" name="test3" time="0.002"/>
  <system-out/>
  <testcase classname="Kriti.QTAutomationBatch.ParameterizationDemo" name="test1" time="0.012"/>
  <system-out/>
  <testcase classname="Kriti.QTAutomationBatch.ParameterizationDemo" name="test2" time="0.002"/>
  <system-out/>
</testsuite> <!-- Kriti.QTAutomationBatch.ParameterizationDemo -->
