<?xml version="1.0" encoding="UTF-8"?>
<!-- Generated by org.testng.reporters.JUnitReportReporter -->
<testsuite hostname="QT-INBG-LT1853" failures="0" tests="2" name="Kriti.QTAutomationBatch.TestNGdayone" time="0.015" errors="0" timestamp="2022-07-28T10:47:59 IST" skipped="0">
  <testcase classname="Kriti.QTAutomationBatch.TestNGdayone" name="Division" time="0.012"/>
  <system-out/>
  <testcase classname="Kriti.QTAutomationBatch.TestNGdayone" name="Multiplication" time="0.003"/>
  <system-out/>
</testsuite> <!-- Kriti.QTAutomationBatch.TestNGdayone -->
